# JRE version: OpenJDK Runtime Environment Corretto-11.0.12.7.1 (11.0.12+7) (build 11.0.12+7-LTS)
# Java VM: OpenJDK 64-Bit Server VM Corretto-11.0.12.7.1 (11.0.12+7-LTS, mixed mode, tiered, compressed oops, g1 gc, linux-amd64)
Heap:
 garbage-first heap   total 78848K, used 51319K [0x0000000087e00000, 0x0000000100000000)
  region size 1024K, 30 young (30720K), 0 survivors (0K)
 Metaspace       used 62122K, capacity 64089K, committed 64328K, reserved 1105920K
  class space    used 8071K, capacity 8842K, committed 8960K, reserved 1048576K
GC Heap History (20 events):
Event: 1,036 GC heap before
{Heap before GC invocations=0 (full 0):
 garbage-first heap   total 124928K, used 25600K [0x0000000087e00000, 0x0000000100000000)
  region size 1024K, 24 young (24576K), 0 survivors (0K)
 Metaspace       used 14219K, capacity 14615K, committed 14720K, reserved 1062912K
  class space    used 1500K, capacity 1640K, committed 1664K, reserved 1048576K
}
Event: 1,042 GC heap after
{Heap after GC invocations=1 (full 0):
 garbage-first heap   total 124928K, used 6708K [0x0000000087e00000, 0x0000000100000000)
  region size 1024K, 3 young (3072K), 3 survivors (3072K)
 Metaspace       used 14219K, capacity 14615K, committed 14720K, reserved 1062912K
  class space    used 1500K, capacity 1640K, committed 1664K, reserved 1048576K
}
Event: 1,259 GC heap before
{Heap before GC invocations=1 (full 0):
 garbage-first heap   total 124928K, used 55860K [0x0000000087e00000, 0x0000000100000000)
  region size 1024K, 52 young (53248K), 3 survivors (3072K)
 Metaspace       used 15725K, capacity 16178K, committed 16512K, reserved 1064960K
  class space    used 1700K, capacity 1867K, committed 1920K, reserved 1048576K
}
Event: 1,285 GC heap after
{Heap after GC invocations=2 (full 0):
 garbage-first heap   total 124928K, used 7318K [0x0000000087e00000, 0x0000000100000000)
  region size 1024K, 4 young (4096K), 4 survivors (4096K)
 Metaspace       used 15725K, capacity 16178K, committed 16512K, reserved 1064960K
  class space    used 1700K, capacity 1867K, committed 1920K, reserved 1048576K
}
Event: 1,811 GC heap before
{Heap before GC invocations=2 (full 0):
 garbage-first heap   total 124928K, used 37014K [0x0000000087e00000, 0x0000000100000000)
  region size 1024K, 34 young (34816K), 4 survivors (4096K)
 Metaspace       used 20506K, capacity 21152K, committed 21296K, reserved 1069056K
  class space    used 2380K, capacity 2647K, committed 2688K, reserved 1048576K
}
Event: 1,838 GC heap after
{Heap after GC invocations=3 (full 0):
 garbage-first heap   total 124928K, used 8691K [0x0000000087e00000, 0x0000000100000000)
  region size 1024K, 5 young (5120K), 5 survivors (5120K)
 Metaspace       used 20506K, capacity 21152K, committed 21296K, reserved 1069056K
  class space    used 2380K, capacity 2647K, committed 2688K, reserved 1048576K
}
Event: 2,101 GC heap before
{Heap before GC invocations=4 (full 0):
 garbage-first heap   total 124928K, used 66035K [0x0000000087e00000, 0x0000000100000000)
  region size 1024K, 62 young (63488K), 5 survivors (5120K)
 Metaspace       used 24692K, capacity 25508K, committed 25776K, reserved 1071104K
  class space    used 2948K, capacity 3293K, committed 3328K, reserved 1048576K
}
Event: 2,111 GC heap after
{Heap after GC invocations=5 (full 0):
 garbage-first heap   total 124928K, used 10352K [0x0000000087e00000, 0x0000000100000000)
  region size 1024K, 4 young (4096K), 4 survivors (4096K)
 Metaspace       used 24692K, capacity 25508K, committed 25776K, reserved 1071104K
  class space    used 2948K, capacity 3293K, committed 3328K, reserved 1048576K
}
Event: 2,722 GC heap before
{Heap before GC invocations=6 (full 0):
 garbage-first heap   total 124928K, used 72816K [0x0000000087e00000, 0x0000000100000000)
  region size 1024K, 66 young (67584K), 4 survivors (4096K)
 Metaspace       used 28506K, capacity 29604K, committed 29744K, reserved 1075200K
  class space    used 3510K, capacity 3917K, committed 3968K, reserved 1048576K
}
Event: 2,728 GC heap after
{Heap after GC invocations=7 (full 0):
 garbage-first heap   total 172032K, used 12415K [0x0000000087e00000, 0x0000000100000000)
  region size 1024K, 6 young (6144K), 6 survivors (6144K)
 Metaspace       used 28506K, capacity 29604K, committed 29744K, reserved 1075200K
  class space    used 3510K, capacity 3917K, committed 3968K, reserved 1048576K
}
Event: 3,163 GC heap before
{Heap before GC invocations=7 (full 0):
 garbage-first heap   total 172032K, used 107647K [0x0000000087e00000, 0x0000000100000000)
  region size 1024K, 100 young (102400K), 6 survivors (6144K)
 Metaspace       used 33243K, capacity 34583K, committed 34864K, reserved 1079296K
  class space    used 4144K, capacity 4655K, committed 4736K, reserved 1048576K
}
Event: 3,168 GC heap after
{Heap after GC invocations=8 (full 0):
 garbage-first heap   total 172032K, used 15011K [0x0000000087e00000, 0x0000000100000000)
  region size 1024K, 9 young (9216K), 9 survivors (9216K)
 Metaspace       used 33243K, capacity 34583K, committed 34864K, reserved 1079296K
  class space    used 4144K, capacity 4655K, committed 4736K, reserved 1048576K
}
Event: 4,075 GC heap before
{Heap before GC invocations=8 (full 0):
 garbage-first heap   total 172032K, used 85667K [0x0000000087e00000, 0x0000000100000000)
  region size 1024K, 80 young (81920K), 9 survivors (9216K)
 Metaspace       used 41624K, capacity 42997K, committed 43312K, reserved 1087488K
  class space    used 5375K, capacity 5923K, committed 6016K, reserved 1048576K
}
Event: 4,090 GC heap after
{Heap after GC invocations=9 (full 0):
 garbage-first heap   total 172032K, used 17601K [0x0000000087e00000, 0x0000000100000000)
  region size 1024K, 9 young (9216K), 9 survivors (9216K)
 Metaspace       used 41624K, capacity 42997K, committed 43312K, reserved 1087488K
  class space    used 5375K, capacity 5923K, committed 6016K, reserved 1048576K
}
Event: 23,655 GC heap before
{Heap before GC invocations=10 (full 0):
 garbage-first heap   total 172032K, used 110785K [0x0000000087e00000, 0x0000000100000000)
  region size 1024K, 100 young (102400K), 9 survivors (9216K)
 Metaspace       used 53440K, capacity 54897K, committed 55624K, reserved 1097728K
  class space    used 6931K, capacity 7555K, committed 7680K, reserved 1048576K
}
Event: 23,666 GC heap after
{Heap after GC invocations=11 (full 0):
 garbage-first heap   total 172032K, used 21017K [0x0000000087e00000, 0x0000000100000000)
  region size 1024K, 9 young (9216K), 9 survivors (9216K)
 Metaspace       used 53440K, capacity 54897K, committed 55624K, reserved 1097728K
  class space    used 6931K, capacity 7555K, committed 7680K, reserved 1048576K
}
Event: 748,205 GC heap before
{Heap before GC invocations=12 (full 0):
 garbage-first heap   total 172032K, used 114201K [0x0000000087e00000, 0x0000000100000000)
  region size 1024K, 100 young (102400K), 9 survivors (9216K)
 Metaspace       used 62044K, capacity 63985K, committed 64200K, reserved 1105920K
  class space    used 8057K, capacity 8830K, committed 8832K, reserved 1048576K
}
Event: 748,278 GC heap after
{Heap after GC invocations=13 (full 0):
 garbage-first heap   total 172032K, used 25032K [0x0000000087e00000, 0x0000000100000000)
  region size 1024K, 11 young (11264K), 11 survivors (11264K)
 Metaspace       used 62044K, capacity 63985K, committed 64200K, reserved 1105920K
  class space    used 8057K, capacity 8830K, committed 8832K, reserved 1048576K
}
Event: 749,933 GC heap before
{Heap before GC invocations=13 (full 0):
 garbage-first heap   total 172032K, used 25032K [0x0000000087e00000, 0x0000000100000000)
  region size 1024K, 12 young (12288K), 11 survivors (11264K)
 Metaspace       used 62077K, capacity 63994K, committed 64328K, reserved 1105920K
  class space    used 8063K, capacity 8833K, committed 8960K, reserved 1048576K
}
Event: 750,084 GC heap after
{Heap after GC invocations=14 (full 1):
 garbage-first heap   total 78848K, used 21623K [0x0000000087e00000, 0x0000000100000000)
  region size 1024K, 0 young (0K), 0 survivors (0K)
 Metaspace       used 62077K, capacity 63994K, committed 64328K, reserved 1105920K
  class space    used 8063K, capacity 8833K, committed 8960K, reserved 1048576K
}

