# JRE version: OpenJDK Runtime Environment Corretto-11.0.12.7.1 (11.0.12+7) (build 11.0.12+7-LTS)
# Java VM: OpenJDK 64-Bit Server VM Corretto-11.0.12.7.1 (11.0.12+7-LTS, mixed mode, tiered, compressed oops, g1 gc, linux-amd64)
Heap:
 garbage-first heap   total 181248K, used 123789K [0x0000000087e00000, 0x0000000100000000)
  region size 1024K, 92 young (94208K), 9 survivors (9216K)
 Metaspace       used 75376K, capacity 78041K, committed 78248K, reserved 1116160K
  class space    used 9931K, capacity 11008K, committed 11008K, reserved 1048576K
GC Heap History (20 events):
Event: 2,841 GC heap before
{Heap before GC invocations=6 (full 0):
 garbage-first heap   total 150528K, used 98216K [0x0000000087e00000, 0x0000000100000000)
  region size 1024K, 88 young (90112K), 5 survivors (5120K)
 Metaspace       used 29770K, capacity 30818K, committed 30976K, reserved 1077248K
  class space    used 3613K, capacity 4049K, committed 4096K, reserved 1048576K
}
Event: 2,851 GC heap after
{Heap after GC invocations=7 (full 0):
 garbage-first heap   total 150528K, used 16165K [0x0000000087e00000, 0x0000000100000000)
  region size 1024K, 7 young (7168K), 7 survivors (7168K)
 Metaspace       used 29770K, capacity 30818K, committed 30976K, reserved 1077248K
  class space    used 3613K, capacity 4049K, committed 4096K, reserved 1048576K
}
Event: 3,985 GC heap before
{Heap before GC invocations=7 (full 0):
 garbage-first heap   total 150528K, used 99109K [0x0000000087e00000, 0x0000000100000000)
  region size 1024K, 88 young (90112K), 7 survivors (7168K)
 Metaspace       used 34724K, capacity 35944K, committed 36048K, reserved 1081344K
  class space    used 4361K, capacity 4820K, committed 4864K, reserved 1048576K
}
Event: 3,996 GC heap after
{Heap after GC invocations=8 (full 0):
 garbage-first heap   total 150528K, used 18873K [0x0000000087e00000, 0x0000000100000000)
  region size 1024K, 8 young (8192K), 8 survivors (8192K)
 Metaspace       used 34724K, capacity 35944K, committed 36048K, reserved 1081344K
  class space    used 4361K, capacity 4820K, committed 4864K, reserved 1048576K
}
Event: 4,006 GC heap before
{Heap before GC invocations=8 (full 0):
 garbage-first heap   total 150528K, used 18873K [0x0000000087e00000, 0x0000000100000000)
  region size 1024K, 9 young (9216K), 8 survivors (8192K)
 Metaspace       used 34789K, capacity 35989K, committed 36048K, reserved 1081344K
  class space    used 4374K, capacity 4857K, committed 4864K, reserved 1048576K
}
Event: 4,017 GC heap after
{Heap after GC invocations=9 (full 0):
 garbage-first heap   total 150528K, used 19481K [0x0000000087e00000, 0x0000000100000000)
  region size 1024K, 6 young (6144K), 6 survivors (6144K)
 Metaspace       used 34789K, capacity 35989K, committed 36048K, reserved 1081344K
  class space    used 4374K, capacity 4857K, committed 4864K, reserved 1048576K
}
Event: 4,499 GC heap before
{Heap before GC invocations=10 (full 0):
 garbage-first heap   total 150528K, used 87065K [0x0000000087e00000, 0x0000000100000000)
  region size 1024K, 73 young (74752K), 6 survivors (6144K)
 Metaspace       used 39746K, capacity 41064K, committed 41424K, reserved 1085440K
  class space    used 4998K, capacity 5545K, committed 5632K, reserved 1048576K
}
Event: 4,511 GC heap after
{Heap after GC invocations=11 (full 0):
 garbage-first heap   total 181248K, used 21830K [0x0000000087e00000, 0x0000000100000000)
  region size 1024K, 7 young (7168K), 7 survivors (7168K)
 Metaspace       used 39746K, capacity 41064K, committed 41424K, reserved 1085440K
  class space    used 4998K, capacity 5545K, committed 5632K, reserved 1048576K
}
Event: 4,908 GC heap before
{Heap before GC invocations=11 (full 0):
 garbage-first heap   total 181248K, used 117062K [0x0000000087e00000, 0x0000000100000000)
  region size 1024K, 96 young (98304K), 7 survivors (7168K)
 Metaspace       used 41455K, capacity 43001K, committed 43344K, reserved 1087488K
  class space    used 5267K, capacity 5901K, committed 6016K, reserved 1048576K
}
Event: 4,918 GC heap after
{Heap after GC invocations=12 (full 0):
 garbage-first heap   total 181248K, used 23273K [0x0000000087e00000, 0x0000000100000000)
  region size 1024K, 5 young (5120K), 5 survivors (5120K)
 Metaspace       used 41455K, capacity 43001K, committed 43344K, reserved 1087488K
  class space    used 5267K, capacity 5901K, committed 6016K, reserved 1048576K
}
Event: 10,688 GC heap before
{Heap before GC invocations=12 (full 0):
 garbage-first heap   total 181248K, used 110313K [0x0000000087e00000, 0x0000000100000000)
  region size 1024K, 91 young (93184K), 5 survivors (5120K)
 Metaspace       used 58452K, capacity 60141K, committed 60496K, reserved 1101824K
  class space    used 7641K, capacity 8300K, committed 8320K, reserved 1048576K
}
Event: 10,699 GC heap after
{Heap after GC invocations=13 (full 0):
 garbage-first heap   total 181248K, used 26900K [0x0000000087e00000, 0x0000000100000000)
  region size 1024K, 8 young (8192K), 8 survivors (8192K)
 Metaspace       used 58452K, capacity 60141K, committed 60496K, reserved 1101824K
  class space    used 7641K, capacity 8300K, committed 8320K, reserved 1048576K
}
Event: 11,847 GC heap before
{Heap before GC invocations=14 (full 0):
 garbage-first heap   total 181248K, used 127252K [0x0000000087e00000, 0x0000000100000000)
  region size 1024K, 106 young (108544K), 8 survivors (8192K)
 Metaspace       used 63365K, capacity 65190K, committed 65320K, reserved 1105920K
  class space    used 8330K, capacity 9084K, committed 9088K, reserved 1048576K
}
Event: 11,857 GC heap after
{Heap after GC invocations=15 (full 0):
 garbage-first heap   total 181248K, used 31392K [0x0000000087e00000, 0x0000000100000000)
  region size 1024K, 10 young (10240K), 10 survivors (10240K)
 Metaspace       used 63365K, capacity 65190K, committed 65320K, reserved 1105920K
  class space    used 8330K, capacity 9084K, committed 9088K, reserved 1048576K
}
Event: 12,450 GC heap before
{Heap before GC invocations=15 (full 0):
 garbage-first heap   total 181248K, used 129696K [0x0000000087e00000, 0x0000000100000000)
  region size 1024K, 106 young (108544K), 10 survivors (10240K)
 Metaspace       used 66432K, capacity 68563K, committed 68776K, reserved 1107968K
  class space    used 8752K, capacity 9616K, committed 9728K, reserved 1048576K
}
Event: 12,462 GC heap after
{Heap after GC invocations=16 (full 0):
 garbage-first heap   total 181248K, used 35104K [0x0000000087e00000, 0x0000000100000000)
  region size 1024K, 9 young (9216K), 9 survivors (9216K)
 Metaspace       used 66432K, capacity 68563K, committed 68776K, reserved 1107968K
  class space    used 8752K, capacity 9616K, committed 9728K, reserved 1048576K
}
Event: 12,975 GC heap before
{Heap before GC invocations=16 (full 0):
 garbage-first heap   total 181248K, used 134432K [0x0000000087e00000, 0x0000000100000000)
  region size 1024K, 106 young (108544K), 9 survivors (9216K)
 Metaspace       used 67792K, capacity 69986K, committed 70184K, reserved 1110016K
  class space    used 8938K, capacity 9837K, committed 9856K, reserved 1048576K
}
Event: 12,985 GC heap after
{Heap after GC invocations=17 (full 0):
 garbage-first heap   total 181248K, used 37174K [0x0000000087e00000, 0x0000000100000000)
  region size 1024K, 7 young (7168K), 7 survivors (7168K)
 Metaspace       used 67792K, capacity 69986K, committed 70184K, reserved 1110016K
  class space    used 8938K, capacity 9837K, committed 9856K, reserved 1048576K
}
Event: 1006,219 GC heap before
{Heap before GC invocations=17 (full 0):
 garbage-first heap   total 181248K, used 138550K [0x0000000087e00000, 0x0000000100000000)
  region size 1024K, 106 young (108544K), 7 survivors (7168K)
 Metaspace       used 72946K, capacity 75354K, committed 75560K, reserved 1114112K
  class space    used 9611K, capacity 10583K, committed 10624K, reserved 1048576K
}
Event: 1006,242 GC heap after
{Heap after GC invocations=18 (full 0):
 garbage-first heap   total 181248K, used 39821K [0x0000000087e00000, 0x0000000100000000)
  region size 1024K, 9 young (9216K), 9 survivors (9216K)
 Metaspace       used 72946K, capacity 75354K, committed 75560K, reserved 1114112K
  class space    used 9611K, capacity 10583K, committed 10624K, reserved 1048576K
}

